2024-03-31 17:21:11,945 - INFO - *************Execution started**********
2024-03-31 17:21:11,945 - INFO - *************Invoke the Browser**********
2024-03-31 17:21:12,123 - INFO - your username is: piyushdravyakar48@gmail.com
2024-03-31 17:21:12,224 - INFO - your password1 is: Piyush@123
2024-03-31 17:21:16,390 - INFO - comapring the After login Text is match or not AUTOMATION 
2024-03-31 17:21:16,520 - INFO - *************Execution Done**********
2024-03-31 17:36:52,455 - INFO - *************Execution started**********
2024-03-31 17:36:52,455 - INFO - *************Invoke the Browser**********
2024-03-31 17:36:52,758 - INFO - your username is: piyushdravyakar48@gmail.com
2024-03-31 17:36:52,961 - INFO - your password1 is: Piyush@123
2024-03-31 17:36:57,138 - INFO - comapring the After login Text is match or not AUTOMATION 
2024-03-31 17:36:57,336 - INFO - *************Execution Done**********
2024-03-31 17:40:38,536 - INFO - *************Execution started**********
2024-03-31 17:40:38,537 - INFO - *************Invoke the Browser**********
2024-03-31 17:40:39,133 - INFO - your username is: piyushdravyakar48@gmail.com
2024-03-31 17:40:39,261 - INFO - your password1 is: Piyush@123
2024-03-31 17:40:43,399 - INFO - comapring the After login Text is match or not AUTOMATION 
2024-03-31 17:40:43,593 - INFO - *************Execution Done**********
2024-03-31 17:42:04,949 - INFO - *************Execution started**********
2024-03-31 17:42:04,949 - INFO - *************Invoke the Browser**********
2024-03-31 17:42:05,433 - INFO - your username is: piyushdravyakar48@gmail.com
2024-03-31 17:42:05,504 - INFO - your password1 is: Piyush@123
2024-03-31 17:42:09,642 - INFO - comapring the After login Text is match or not AUTOMATION 
2024-03-31 17:42:09,915 - INFO - *************Execution Done**********
2024-03-31 17:44:36,804 - INFO - *************Execution started**********
2024-03-31 17:44:36,808 - INFO - *************Invoke the Browser**********
2024-03-31 17:44:37,066 - INFO - your username is: piyushdravyakar48@gmail.com
2024-03-31 17:44:37,494 - INFO - your password1 is: Piyush@123
2024-03-31 17:44:41,775 - INFO - comapring the After login Text is match or not AUTOMATION 
2024-03-31 17:44:41,947 - INFO - *************Execution Done**********
2024-03-31 17:52:08,996 - INFO - *************Execution started**********
2024-03-31 17:52:08,996 - INFO - *************Invoke the Browser**********
2024-03-31 17:52:09,132 - INFO - your username is: piyushdravyakar48@gmail.com
2024-03-31 17:52:09,206 - INFO - your password1 is: Piyush@123
2024-03-31 17:52:13,339 - INFO - comapring the After login Text is match or not AUTOMATION 
2024-03-31 17:52:13,473 - INFO - *************Execution Done**********
2024-03-31 17:57:40,836 - INFO - *************Execution started**********
2024-03-31 17:57:40,837 - INFO - *************Invoke the Browser**********
2024-03-31 17:57:40,933 - INFO - your username is: piyushdravyakar48@gmail.com
2024-03-31 17:57:40,982 - INFO - your password1 is: Piyush@123
2024-03-31 17:57:45,073 - INFO - comapring the After login Text is match or not AUTOMATION 
2024-03-31 17:57:45,158 - INFO - *************Execution Done**********
2024-03-31 17:59:13,169 - INFO - *************Execution started**********
2024-03-31 17:59:13,170 - INFO - *************Invoke the Browser**********
2024-03-31 17:59:13,256 - INFO - your username is: piyushdravyakar48@gmail.com
2024-03-31 17:59:13,300 - INFO - your password1 is: Piyush@123
2024-03-31 17:59:17,396 - INFO - comapring the After login Text is match or not AUTOMATION 
2024-03-31 17:59:17,479 - INFO - *************Execution Done**********
2024-03-31 18:01:27,141 - INFO - *************Execution started**********
2024-03-31 18:01:27,141 - INFO - *************Invoke the Browser**********
2024-03-31 18:01:27,249 - INFO - your username is: piyushdravyakar48@gmail.com
2024-03-31 18:01:27,312 - INFO - your password1 is: Piyush@123
2024-03-31 18:01:31,415 - INFO - comapring the After login Text is match or not AUTOMATION 
2024-03-31 18:01:31,489 - INFO - *************Execution Done**********
2024-03-31 18:02:45,813 - INFO - *************Execution started**********
2024-03-31 18:02:45,813 - INFO - *************Invoke the Browser**********
2024-03-31 18:02:45,916 - INFO - your username is: piyushdravyakar48@gmail.com
2024-03-31 18:02:45,963 - INFO - your password1 is: Piyush@123
2024-03-31 18:02:50,073 - INFO - comapring the After login Text is match or not AUTOMATION 
2024-03-31 18:02:50,159 - INFO - *************Execution Done**********
2024-03-31 18:10:34,919 - INFO - *************Execution started**********
2024-03-31 18:10:34,920 - INFO - *************Invoke the Browser**********
2024-03-31 18:10:35,053 - INFO - your username is: piyushdravyakar48@gmail.com
2024-03-31 18:10:35,136 - INFO - your password1 is: Piyush@123
2024-03-31 18:10:39,284 - INFO - comapring the After login Text is match or not AUTOMATION 
2024-03-31 18:10:39,468 - INFO - *************Execution Done**********
2024-03-31 18:11:08,146 - INFO - *************Execution started**********
2024-03-31 18:11:08,146 - INFO - *************Invoke the Browser**********
2024-03-31 18:11:08,256 - INFO - your username is: piyushdravyakar48@gmail.com
2024-03-31 18:11:08,312 - INFO - your password1 is: Piyush@123
2024-03-31 18:11:12,426 - INFO - comapring the After login Text is match or not AUTOMATION 
2024-03-31 18:11:12,547 - INFO - *************Execution Done**********
2024-03-31 18:11:20,809 - INFO - *************Execution started**********
2024-03-31 18:11:20,809 - INFO - *************Invoke the Browser**********
2024-03-31 18:11:21,319 - INFO - your username is: piyushdravyakar48@gmail.com
2024-03-31 18:11:21,375 - INFO - your password1 is: Piyush@123
2024-03-31 18:11:25,509 - INFO - comapring the After login Text is match or not AUTOMATION 
2024-03-31 18:11:25,653 - INFO - *************Execution Done**********
